2024-08-29 11:14:11,278 - INFO : MainWindow init
2024-08-29 11:15:18,890 - INFO : MainWindow init
2024-08-29 11:16:01,858 - INFO : MainWindow init
2024-08-29 11:20:39,745 - INFO : MainWindow init
2024-08-29 11:20:44,964 - INFO : MainWindow init
2024-08-29 11:23:24,596 - DEBUG : LogWidget init
2024-08-29 11:23:24,597 - INFO : LogWidget init
2024-08-29 11:23:24,597 - WARNING : LogWidget init
2024-08-29 11:23:24,597 - ERROR : LogWidget init
2024-08-29 11:23:24,783 - INFO : MainWindow init
2024-08-29 11:23:49,466 - DEBUG : LogWidget init
2024-08-29 11:23:49,467 - INFO : LogWidget init
2024-08-29 11:23:49,467 - WARNING : LogWidget init
2024-08-29 11:23:49,467 - ERROR : LogWidget init
2024-08-29 11:23:49,654 - INFO : MainWindow init
2024-08-29 11:24:06,099 - DEBUG : LogWidget init
2024-08-29 11:24:06,099 - INFO : LogWidget init
2024-08-29 11:24:06,099 - WARNING : LogWidget init
2024-08-29 11:24:06,099 - ERROR : LogWidget init
2024-08-29 11:24:06,283 - INFO : MainWindow init
2024-08-29 11:27:25,175 - DEBUG : LogWidget init
2024-08-29 11:27:25,175 - INFO : LogWidget init
2024-08-29 11:27:25,175 - WARNING : LogWidget init
2024-08-29 11:27:25,176 - ERROR : LogWidget init
2024-08-29 11:27:25,358 - INFO : MainWindow init
2024-08-29 11:28:06,266 - DEBUG : LogWidget init
2024-08-29 11:28:06,266 - INFO : LogWidget init
2024-08-29 11:28:06,266 - WARNING : LogWidget init
2024-08-29 11:28:06,266 - ERROR : LogWidget init
2024-08-29 11:28:06,446 - INFO : MainWindow init
2024-08-29 11:28:17,499 - DEBUG : LogWidget init
2024-08-29 11:28:17,499 - INFO : LogWidget init
2024-08-29 11:28:17,500 - WARNING : LogWidget init
2024-08-29 11:28:17,500 - ERROR : LogWidget init
2024-08-29 11:28:17,684 - INFO : MainWindow init
